[0.018s] Invoking command in '/home/daeyun/Desktop/ecat_control_ws/build/data_extract_pkg': CMAKE_PREFIX_PATH=${CMAKE_PREFIX_PATH}:/opt/ros/foxy /usr/bin/cmake --build /home/daeyun/Desktop/ecat_control_ws/build/data_extract_pkg -- -j6 -l6
[0.052s] [35m[1mScanning dependencies of target data_extract_node[0m
[0.094s] [ 50%] [32mBuilding CXX object CMakeFiles/data_extract_node.dir/src/data_extract_node.cpp.o[0m
[1.129s] [01m[K/home/daeyun/Desktop/ecat_control_ws/src/data_extract_pkg/src/data_extract_node.cpp:[m[K In member function â€˜[01m[Kuint8_t DataExtractionNode::DataExtraction::CloseFile(std::ofstream)[m[Kâ€™:
[1.129s] [01m[K/home/daeyun/Desktop/ecat_control_ws/src/data_extract_pkg/src/data_extract_node.cpp:66:1:[m[K [01;35m[Kwarning: [m[Kno return statement in function returning non-void [[01;35m[K-Wreturn-type[m[K]
[1.130s]    66 | [01;35m[K}[m[K
[1.130s]       | [01;35m[K^[m[K
[1.130s] [01m[K/home/daeyun/Desktop/ecat_control_ws/src/data_extract_pkg/src/data_extract_node.cpp:63:49:[m[K [01;35m[Kwarning: [m[Kunused parameter â€˜[01m[Kfstream_file_[m[Kâ€™ [[01;35m[K-Wunused-parameter[m[K]
[1.130s]    63 | uint8_t DataExtraction::CloseFile([01;35m[Kstd::ofstream fstream_file_[m[K)
[1.130s]       |                                   [01;35m[K~~~~~~~~~~~~~~^~~~~~~~~~~~~[m[K
[1.130s] [01m[K/home/daeyun/Desktop/ecat_control_ws/src/data_extract_pkg/src/data_extract_node.cpp:[m[K In member function â€˜[01m[Kvoid DataExtractionNode::DataExtraction::RecordFile(std::ofstream)[m[Kâ€™:
[1.130s] [01m[K/home/daeyun/Desktop/ecat_control_ws/src/data_extract_pkg/src/data_extract_node.cpp:68:47:[m[K [01;35m[Kwarning: [m[Kunused parameter â€˜[01m[Kfstream_file_[m[Kâ€™ [[01;35m[K-Wunused-parameter[m[K]
[1.130s]    68 | void DataExtraction::RecordFile([01;35m[Kstd::ofstream fstream_file_[m[K)
[1.130s]       |                                 [01;35m[K~~~~~~~~~~~~~~^~~~~~~~~~~~~[m[K
[1.136s] [01m[K/home/daeyun/Desktop/ecat_control_ws/src/data_extract_pkg/src/data_extract_node.cpp:[m[K In member function â€˜[01m[Kvoid DataExtractionNode::DataExtraction::SlaveFeedbackCallbakcs(ecat_msgs::msg::DataReceived_<std::allocator<void> >::SharedPtr)[m[Kâ€™:
[1.136s] [01m[K/home/daeyun/Desktop/ecat_control_ws/src/data_extract_pkg/src/data_extract_node.cpp:160:17:[m[K [01;31m[Kerror: [m[Kâ€˜[01m[KROSTime[m[Kâ€™ was not declared in this scope
[1.136s]   160 |                 [01;31m[KROSTime[m[K = now();
[1.136s]       |                 [01;31m[K^~~~~~~[m[K
[1.137s] [01m[K/home/daeyun/Desktop/ecat_control_ws/src/data_extract_pkg/src/data_extract_node.cpp:164:48:[m[K [01;31m[Kerror: [m[Kâ€˜[01m[KROSTime[m[Kâ€™ was not declared in this scope
[1.137s]   164 |             CSVFILE_MANAGER <<  std::to_string([01;31m[KROSTime[m[K.nanoseconds()) << ",";
[1.138s]       |                                                [01;31m[K^~~~~~~[m[K
[2.168s] In file included from [01m[K/home/daeyun/Desktop/ecat_control_ws/src/data_extract_pkg/include/data_extract_pkg/data_extract_node.hpp:19[m[K,
[2.168s]                  from [01m[K/home/daeyun/Desktop/ecat_control_ws/src/data_extract_pkg/src/data_extract_node.cpp:1[m[K:
[2.169s] [01m[K/home/daeyun/Desktop/ecat_control_ws/src/data_extract_pkg/../ecat_pkg/include/ecat_pkg/ecat_globals.hpp:[m[K At global scope:
[2.169s] [01m[K/home/daeyun/Desktop/ecat_control_ws/src/data_extract_pkg/../ecat_pkg/include/ecat_pkg/ecat_globals.hpp:49:17:[m[K [01;35m[Kwarning: [m[Kâ€˜[01m[Kg_kOperationMode[m[Kâ€™ defined but not used [[01;35m[K-Wunused-variable[m[K]
[2.169s]    49 | static int8_t   [01;35m[Kg_kOperationMode[m[K = kProfileVelocity ;
[2.169s]       |                 [01;35m[K^~~~~~~~~~~~~~~~[m[K
[2.169s] In file included from [01m[K/home/daeyun/Desktop/ecat_control_ws/src/data_extract_pkg/../ecat_pkg/include/ecat_pkg/ecat_globals.hpp:42[m[K,
[2.169s]                  from [01m[K/home/daeyun/Desktop/ecat_control_ws/src/data_extract_pkg/include/data_extract_pkg/data_extract_node.hpp:19[m[K,
[2.169s]                  from [01m[K/home/daeyun/Desktop/ecat_control_ws/src/data_extract_pkg/src/data_extract_node.cpp:1[m[K:
[2.169s] [01m[K/home/daeyun/Desktop/ecat_control_ws/src/data_extract_pkg/../ecat_pkg/include/ecat_pkg/ecat_definitions.hpp:508:20:[m[K [01;35m[Kwarning: [m[Kâ€˜[01m[Kstd::string GetErrorMessage(const int&)[m[Kâ€™ defined but not used [[01;35m[K-Wunused-function[m[K]
[2.169s]   508 | static std::string [01;35m[KGetErrorMessage[m[K(const int& err_code)
[2.169s]       |                    [01;35m[K^~~~~~~~~~~~~~~[m[K
[2.187s] make[2]: *** [CMakeFiles/data_extract_node.dir/build.make:63: CMakeFiles/data_extract_node.dir/src/data_extract_node.cpp.o] Error 1
[2.187s] make[1]: *** [CMakeFiles/Makefile2:78: CMakeFiles/data_extract_node.dir/all] Error 2
[2.187s] make: *** [Makefile:141: all] Error 2
[2.189s] Invoked command in '/home/daeyun/Desktop/ecat_control_ws/build/data_extract_pkg' returned '2': CMAKE_PREFIX_PATH=${CMAKE_PREFIX_PATH}:/opt/ros/foxy /usr/bin/cmake --build /home/daeyun/Desktop/ecat_control_ws/build/data_extract_pkg -- -j6 -l6
